<?xml version="1.0" encoding="UTF-8"?>
<!-- Generated by org.testng.reporters.JUnitReportReporter -->
<testsuite name="com.hotelogix.smoke.FrontdeskTest.FrontdeskTest" tests="6" time="438.533" ignored="0" failures="0" timestamp="22 May 2017 12:47:07 GMT" skipped="0" hostname="hms-PC" errors="0">
  <testcase name="TC_26" time="52.926" classname="com.hotelogix.smoke.FrontdeskTest.FrontdeskTest"/>
  <testcase name="TC_27" time="50.560" classname="com.hotelogix.smoke.FrontdeskTest.FrontdeskTest"/>
  <testcase name="TC_28_29_30" time="60.106" classname="com.hotelogix.smoke.FrontdeskTest.FrontdeskTest"/>
  <testcase name="TC_25" time="176.346" classname="com.hotelogix.smoke.FrontdeskTest.FrontdeskTest"/>
  <testcase name="TC_24" time="56.697" classname="com.hotelogix.smoke.FrontdeskTest.FrontdeskTest"/>
  <testcase name="TC_23" time="41.898" classname="com.hotelogix.smoke.FrontdeskTest.FrontdeskTest"/>
</testsuite> <!-- com.hotelogix.smoke.FrontdeskTest.FrontdeskTest -->
