<?xml version="1.0" encoding="UTF-8"?>
<!-- Generated by org.testng.reporters.JUnitReportReporter -->
<testsuite name="com.hotelogix.smoke.AdminTest.AdminTest" tests="1" time="120.240" ignored="0" failures="0" timestamp="24 May 2017 10:27:19 GMT" skipped="0" hostname="hms-PC" errors="0">
  <testcase name="TC_114" time="120.240" classname="com.hotelogix.smoke.AdminTest.AdminTest"/>
</testsuite> <!-- com.hotelogix.smoke.AdminTest.AdminTest -->
