<?xml version="1.0" encoding="UTF-8"?>
<!-- Generated by org.testng.reporters.JUnitReportReporter -->
<testsuite hostname="hms-update4" name="com.hotelogix.smoke.FrontdeskTest.TapeChartTestSpanish" tests="1" failures="0" timestamp="17 Jun 2016 07:18:43 GMT" time="35.511" errors="0">
  <testcase name="TC_31" time="35.511" classname="com.hotelogix.smoke.FrontdeskTest.TapeChartTestSpanish"/>
</testsuite> <!-- com.hotelogix.smoke.FrontdeskTest.TapeChartTestSpanish -->
